<?xml version="1.0" encoding="UTF-8"?>
<!-- Generated by org.testng.reporters.JUnitReportReporter -->
<testsuite skipped="0" hostname="DESKTOP-E448LRK" name="SumValidation" tests="1" failures="0" timestamp="2020-04-27T22:06:44 BST" time="3.710" errors="0">
  <testcase name="sumOfCourses" time="3.710" classname="SumValidation"/>
  <system-out/>
</testsuite> <!-- SumValidation -->
