<?xml version="1.0" encoding="UTF-8"?>
<!-- Generated by org.testng.reporters.JUnitReportReporter -->
<testsuite skipped="0" hostname="DESKTOP-E448LRK" name="files.DynamicJson" tests="3" failures="0" timestamp="2020-04-28T17:49:35 BST" time="5.819" errors="0">
  <testcase name="addBook" time="0.434" classname="files.DynamicJson"/>
  <system-out/>
  <testcase name="addBook" time="4.917" classname="files.DynamicJson"/>
  <system-out/>
  <testcase name="addBook" time="0.468" classname="files.DynamicJson"/>
  <system-out/>
</testsuite> <!-- files.DynamicJson -->
