<?xml version="1.0" encoding="UTF-8"?>
<!-- Generated by org.testng.reporters.JUnitReportReporter -->
<testsuite skipped="0" hostname="DESKTOP-E448LRK" name="files.StaticJson" tests="1" failures="0" timestamp="2020-04-28T18:19:02 BST" time="9.001" errors="0">
  <testcase name="addBook" time="9.001" classname="files.StaticJson"/>
  <system-out/>
</testsuite> <!-- files.StaticJson -->
